<?xml version="1.0" encoding="UTF-8"?>
<testsuite xmlns:xsi="http://www.w3.org/2001/XMLSchema-instance" xsi:noNamespaceSchemaLocation="https://maven.apache.org/surefire/maven-surefire-plugin/xsd/surefire-test-report.xsd" version="3.0.2" name="TestSuite" time="0.493" tests="4" errors="0" skipped="0" failures="0">
  <properties>
[...]
</properties>
  <testcase name="case11" classname="demo.SampleTest" time="0.004">
    <system-out><![CDATA[This will execute..11
]]></system-out>
    <system-err><![CDATA[SLF4J(W): No SLF4J providers were found.
SLF4J(W): Defaulting to no-operation (NOP) logger implementation
SLF4J(W): See https://www.slf4j.org/codes.html#noProviders for further details.
]]></system-err>
  </testcase>
  <testcase name="case111" classname="demo.SampleTest" time="0.022">
    <system-out><![CDATA[This will execute..111
]]></system-out>
  </testcase>
  <testcase name="case22" classname="sample.DemoTest" time="0.001">
    <system-out><![CDATA[This will execute.. case22
]]></system-out>
  </testcase>
  <testcase name="case14" classname="sample.DemoTest" time="0.002">
    <system-out><![CDATA[This will execute.. case14
]]></system-out>
  </testcase>
</testsuite>