<?xml version="1.0" encoding="UTF-8"?>
<testng-results ignored="1" total="5" passed="4" failed="0" skipped="0">
  <reporter-output>
  </reporter-output>
  <suite started-at="2026-04-19T14:11:11 IST" name="Suite" finished-at="2026-04-19T14:11:11 IST" duration-ms="41">
    <groups>
    </groups>
    <test started-at="2026-04-19T14:11:11 IST" name="Test" finished-at="2026-04-19T14:11:11 IST" duration-ms="41">
      <class name="sample.DemoTest">
        <test-method signature="case22()[pri:0, instance:sample.DemoTest@59fd97a8]" started-at="2026-04-19T14:11:11 IST" name="case22" finished-at="2026-04-19T14:11:11 IST" duration-ms="2" status="PASS">
          <reporter-output>
          </reporter-output>
        </test-method> <!-- case22 -->
        <test-method signature="case14()[pri:0, instance:sample.DemoTest@59fd97a8]" started-at="2026-04-19T14:11:11 IST" name="case14" finished-at="2026-04-19T14:11:11 IST" duration-ms="0" status="PASS">
          <reporter-output>
          </reporter-output>
        </test-method> <!-- case14 -->
      </class> <!-- sample.DemoTest -->
      <class name="demo.SampleTest">
        <test-method signature="case11()[pri:0, instance:demo.SampleTest@333291e3]" started-at="2026-04-19T14:11:11 IST" name="case11" finished-at="2026-04-19T14:11:11 IST" duration-ms="5" status="PASS">
          <reporter-output>
          </reporter-output>
        </test-method> <!-- case11 -->
        <test-method signature="case111()[pri:0, instance:demo.SampleTest@333291e3]" started-at="2026-04-19T14:11:11 IST" name="case111" finished-at="2026-04-19T14:11:11 IST" duration-ms="0" status="PASS">
          <reporter-output>
          </reporter-output>
        </test-method> <!-- case111 -->
      </class> <!-- demo.SampleTest -->
    </test> <!-- Test -->
  </suite> <!-- Suite -->
</testng-results>
