<?xml version="1.0" encoding="UTF-8"?>
<!-- Generated by org.testng.reporters.JUnitXMLReporter -->
<testsuite ignored="2" hostname="LAPTOP-38LMUMMT" failures="0" tests="3" name="Test" time="0.06" errors="0" timestamp="2026-04-19T14:08:04 IST">
  <testcase classname="demo.SampleTest" name="case11" time="0.01"/>
  <testcase classname="demo.SampleTest" name="case111" time="0.001"/>
  <testcase classname="sample.DemoTest" name="case22" time="0.002"/>
  <testcase classname="demo.SampleTest" name="case1" time="0.0">
    <ignored/>
  </testcase> <!-- case1 -->
  <testcase classname="sample.DemoTest" name="case14" time="0.0">
    <ignored/>
  </testcase> <!-- case14 -->
</testsuite> <!-- Test -->
