<?xml version="1.0" encoding="UTF-8"?>
<!-- Generated by org.testng.reporters.JUnitXMLReporter -->
<testsuite ignored="0" hostname="LAPTOP-38LMUMMT" failures="0" tests="5" name="Surefire test" time="0.045" errors="0" timestamp="2026-04-19T14:00:36 IST">
  <testcase classname="demo.SampleTest" name="case1" time="0.004"/>
  <testcase classname="demo.SampleTest" name="case11" time="0.0"/>
  <testcase classname="demo.SampleTest" name="case111" time="0.0"/>
  <testcase classname="sample.DemoTest" name="case1" time="0.0"/>
  <testcase classname="sample.DemoTest" name="case2" time="0.0"/>
</testsuite> <!-- Surefire test -->
