<?xml version="1.0" encoding="UTF-8"?>
<testng-results ignored="2" total="5" passed="3" failed="0" skipped="0">
  <reporter-output>
  </reporter-output>
  <suite started-at="2026-04-19T14:08:03 IST" name="Suite" finished-at="2026-04-19T14:08:04 IST" duration-ms="60">
    <groups>
    </groups>
    <test started-at="2026-04-19T14:08:03 IST" name="Test" finished-at="2026-04-19T14:08:04 IST" duration-ms="60">
      <class name="sample.DemoTest">
        <test-method signature="case22()[pri:0, instance:sample.DemoTest@74235045]" started-at="2026-04-19T14:08:04 IST" name="case22" finished-at="2026-04-19T14:08:04 IST" duration-ms="2" status="PASS">
          <reporter-output>
          </reporter-output>
        </test-method> <!-- case22 -->
      </class> <!-- sample.DemoTest -->
      <class name="demo.SampleTest">
        <test-method signature="case11()[pri:0, instance:demo.SampleTest@3590fc5b]" started-at="2026-04-19T14:08:04 IST" name="case11" finished-at="2026-04-19T14:08:04 IST" duration-ms="10" status="PASS">
          <reporter-output>
          </reporter-output>
        </test-method> <!-- case11 -->
        <test-method signature="case111()[pri:0, instance:demo.SampleTest@3590fc5b]" started-at="2026-04-19T14:08:04 IST" name="case111" finished-at="2026-04-19T14:08:04 IST" duration-ms="1" status="PASS">
          <reporter-output>
          </reporter-output>
        </test-method> <!-- case111 -->
      </class> <!-- demo.SampleTest -->
    </test> <!-- Test -->
  </suite> <!-- Suite -->
</testng-results>
